The system is: Windows - 10.0.19042 - AMD64
Compiling the C compiler identification source file "CMakeCCompilerId.c" succeeded.
Compiler: C:/Program Files (x86)/Microsoft Visual Studio/2019/Professional/VC/Tools/MSVC/14.25.28610/bin/HostX64/x64/cl.exe 
Build flags: 
Id flags:  

The output was:
0
Microsoft (R) C/C++ Optimizing Compiler Version 19.25.28610.4 for x64
Copyright (C) Microsoft Corporation.  All rights reserved.

CMakeCCompilerId.c
Microsoft (R) Incremental Linker Version 14.25.28610.4
Copyright (C) Microsoft Corporation.  All rights reserved.

/out:CMakeCCompilerId.exe 
CMakeCCompilerId.obj 


Compilation of the C compiler identification source "CMakeCCompilerId.c" produced "CMakeCCompilerId.exe"

Compilation of the C compiler identification source "CMakeCCompilerId.c" produced "CMakeCCompilerId.obj"

The C compiler identification is MSVC, found in "C:/Users/Abdolrahman/Documents/C/DataStructures/out/build/x64-Debug/CMakeFiles/3.16.19112601-MSVC_2/CompilerIdC/CMakeCCompilerId.exe"

Determining if the C compiler works passed with the following output:
Change Dir: C:/Users/Abdolrahman/Documents/C/DataStructures/out/build/x64-Debug/CMakeFiles/CMakeTmp

Run Build Command(s):C:/Program Files (x86)/Microsoft Visual Studio/2019/Professional/Common7/IDE/CommonExtensions/Microsoft/CMake/Ninja/ninja.exe cmTC_b9a9a && [1/2] Building C object CMakeFiles\cmTC_b9a9a.dir\testCCompiler.c.obj
[2/2] Linking C executable cmTC_b9a9a.exe



Detecting C compiler ABI info compiled with the following output:
Change Dir: C:/Users/Abdolrahman/Documents/C/DataStructures/out/build/x64-Debug/CMakeFiles/CMakeTmp

Run Build Command(s):C:/Program Files (x86)/Microsoft Visual Studio/2019/Professional/Common7/IDE/CommonExtensions/Microsoft/CMake/Ninja/ninja.exe cmTC_7f8eb && [1/2] Building C object CMakeFiles\cmTC_7f8eb.dir\CMakeCCompilerABI.c.obj
[2/2] Linking C executable cmTC_7f8eb.exe



